Assembler report for printer
Tue May 14 14:16:38 2019
Quartus Prime Version 18.1.0 Build 625 09/12/2018 SJ Lite Edition


---------------------
; Table of Contents ;
---------------------
  1. Legal Notice
  2. Assembler Summary
  3. Assembler Settings
  4. Assembler Encrypted IP Cores Summary
  5. Assembler Generated Files
  6. Assembler Device Options: C:/Users/reconnect/Documents/GitHub/3d_printer/FPGA/FPGA_v2_uart_edition_v2/FPGA_v2_uart_edition_v2/printer.sof
  7. Assembler Messages



----------------
; Legal Notice ;
----------------
Copyright (C) 2018  Intel Corporation. All rights reserved.
Your use of Intel Corporation's design tools, logic functions 
and other software and tools, and its AMPP partner logic 
functions, and any output files from any of the foregoing 
(including device programming or simulation files), and any 
associated documentation or information are expressly subject 
to the terms and conditions of the Intel Program License 
Subscription Agreement, the Intel Quartus Prime License Agreement,
the Intel FPGA IP License Agreement, or other applicable license
agreement, including, without limitation, that your use is for
the sole purpose of programming logic devices manufactured by
Intel and sold by Intel or its authorized distributors.  Please
refer to the applicable agreement for further details.



+---------------------------------------------------------------+
; Assembler Summary                                             ;
+-----------------------+---------------------------------------+
; Assembler Status      ; Successful - Tue May 14 14:16:38 2019 ;
; Revision Name         ; printer                               ;
; Top-level Entity Name ; printer                               ;
; Family                ; Cyclone V                             ;
; Device                ; 5CSEBA6U23I7                          ;
+-----------------------+---------------------------------------+


+----------------------------------+
; Assembler Settings               ;
+--------+---------+---------------+
; Option ; Setting ; Default Value ;
+--------+---------+---------------+


+------------------------------------------------+
; Assembler Encrypted IP Cores Summary           ;
+--------+------------------------+--------------+
; Vendor ; IP Core Name           ; License Type ;
+--------+------------------------+--------------+
; Altera ; Signal Tap (6AF7 BCE1) ; Licensed     ;
; Altera ; Signal Tap (6AF7 BCEC) ; Licensed     ;
+--------+------------------------+--------------+


+-----------------------------------------------------------------------------------------------------------------+
; Assembler Generated Files                                                                                       ;
+-----------------------------------------------------------------------------------------------------------------+
; File Name                                                                                                       ;
+-----------------------------------------------------------------------------------------------------------------+
; C:/Users/reconnect/Documents/GitHub/3d_printer/FPGA/FPGA_v2_uart_edition_v2/FPGA_v2_uart_edition_v2/printer.sof ;
+-----------------------------------------------------------------------------------------------------------------+


+-------------------------------------------------------------------------------------------------------------------------------------------+
; Assembler Device Options: C:/Users/reconnect/Documents/GitHub/3d_printer/FPGA/FPGA_v2_uart_edition_v2/FPGA_v2_uart_edition_v2/printer.sof ;
+----------------+--------------------------------------------------------------------------------------------------------------------------+
; Option         ; Setting                                                                                                                  ;
+----------------+--------------------------------------------------------------------------------------------------------------------------+
; JTAG usercode  ; 0x01AB9FDA                                                                                                               ;
; Checksum       ; 0x01AB9FDA                                                                                                               ;
+----------------+--------------------------------------------------------------------------------------------------------------------------+


+--------------------+
; Assembler Messages ;
+--------------------+
Info: *******************************************************************
Info: Running Quartus Prime Assembler
    Info: Version 18.1.0 Build 625 09/12/2018 SJ Lite Edition
    Info: Processing started: Tue May 14 14:16:05 2019
Info: Command: quartus_asm --read_settings_files=off --write_settings_files=off printer -c printer
Warning (18236): Number of processors has not been specified which may cause overloading on shared machines.  Set the global assignment NUM_PARALLEL_PROCESSORS in your QSF to an appropriate value for best performance.
Info (115030): Assembler is generating device programming files
Warning (12914): The file, D:/CLion_projects/3d_printer/FPGA/FPGA_v2_uart_edition/soc_system.sopcinfo, is not embedded into sof file as expected.  Some tools, such as System Console, may not function fully.
Info (11878): Hard Processor Subsystem configuration has not changed and a Preloader software update is not required
Info: Quartus Prime Assembler was successful. 0 errors, 2 warnings
    Info: Peak virtual memory: 4998 megabytes
    Info: Processing ended: Tue May 14 14:16:38 2019
    Info: Elapsed time: 00:00:33
    Info: Total CPU time (on all processors): 00:00:32


